  funkcje.cpp
C:\Users\user\source\repos\szyfr_vigenere\szyfr_vigenere\funkcje.hpp(11,27): error C3646: "nazwa_pliku_wej": nieznany specyfikator przesłonięcia
C:\Users\user\source\repos\szyfr_vigenere\szyfr_vigenere\funkcje.hpp(11,27): error C4430: brak specyfikatora typu - założono, że int. Uwaga: C++ nie obsługuje domyślnie typu int
C:\Users\user\source\repos\szyfr_vigenere\szyfr_vigenere\funkcje.hpp(12,29): error C3646: "nazwa_pliku_klucz": nieznany specyfikator przesłonięcia
C:\Users\user\source\repos\szyfr_vigenere\szyfr_vigenere\funkcje.hpp(12,29): error C4430: brak specyfikatora typu - założono, że int. Uwaga: C++ nie obsługuje domyślnie typu int
C:\Users\user\source\repos\szyfr_vigenere\szyfr_vigenere\funkcje.cpp(12,18): error C2011: "ETRYB'': "enum" wpisz ponownie definicję
C:\Users\user\source\repos\szyfr_vigenere\szyfr_vigenere\funkcje.hpp(4): message : zobacz deklarację „ETRYB”
C:\Users\user\source\repos\szyfr_vigenere\szyfr_vigenere\funkcje.cpp(16,18): error C2011: "parametry'': "struct" wpisz ponownie definicję
C:\Users\user\source\repos\szyfr_vigenere\szyfr_vigenere\funkcje.hpp(8): message : zobacz deklarację „parametry”
C:\Users\user\source\repos\szyfr_vigenere\szyfr_vigenere\funkcje.cpp(24,1): error C2027: wykorzystanie niezdefiniowanego przez użytkownika typu "parametry"
C:\Users\user\source\repos\szyfr_vigenere\szyfr_vigenere\funkcje.hpp(8): message : zobacz deklarację „parametry”
C:\Users\user\source\repos\szyfr_vigenere\szyfr_vigenere\funkcje.cpp(23,11): error C2027: wykorzystanie niezdefiniowanego przez użytkownika typu "parametry"
C:\Users\user\source\repos\szyfr_vigenere\szyfr_vigenere\funkcje.hpp(8): message : zobacz deklarację „parametry”
C:\Users\user\source\repos\szyfr_vigenere\szyfr_vigenere\funkcje.cpp(25,15): error C2079: "p" używa niezdefiniowanego struct "parametry"
C:\Users\user\source\repos\szyfr_vigenere\szyfr_vigenere\funkcje.cpp(34,27): error C2027: wykorzystanie niezdefiniowanego przez użytkownika typu "ETRYB"
C:\Users\user\source\repos\szyfr_vigenere\szyfr_vigenere\funkcje.hpp(4): message : zobacz deklarację „ETRYB”
C:\Users\user\source\repos\szyfr_vigenere\szyfr_vigenere\funkcje.cpp(34,31): error C2065: "BRAK": niezadeklarowany identyfikator
C:\Users\user\source\repos\szyfr_vigenere\szyfr_vigenere\funkcje.cpp(38,23): warning C4018: "<": niezgodność typu ze znakiem/bez znaku
C:\Users\user\source\repos\szyfr_vigenere\szyfr_vigenere\funkcje.cpp(41,40): error C2027: wykorzystanie niezdefiniowanego przez użytkownika typu "ETRYB"
C:\Users\user\source\repos\szyfr_vigenere\szyfr_vigenere\funkcje.hpp(4): message : zobacz deklarację „ETRYB”
C:\Users\user\source\repos\szyfr_vigenere\szyfr_vigenere\funkcje.cpp(41,44): error C2065: "BRAK": niezadeklarowany identyfikator
C:\Users\user\source\repos\szyfr_vigenere\szyfr_vigenere\funkcje.cpp(46,35): error C2027: wykorzystanie niezdefiniowanego przez użytkownika typu "ETRYB"
C:\Users\user\source\repos\szyfr_vigenere\szyfr_vigenere\funkcje.hpp(4): message : zobacz deklarację „ETRYB”
C:\Users\user\source\repos\szyfr_vigenere\szyfr_vigenere\funkcje.cpp(46,46): error C2065: "SZYFROWANIE": niezadeklarowany identyfikator
C:\Users\user\source\repos\szyfr_vigenere\szyfr_vigenere\funkcje.cpp(50,40): error C2027: wykorzystanie niezdefiniowanego przez użytkownika typu "ETRYB"
C:\Users\user\source\repos\szyfr_vigenere\szyfr_vigenere\funkcje.hpp(4): message : zobacz deklarację „ETRYB”
C:\Users\user\source\repos\szyfr_vigenere\szyfr_vigenere\funkcje.cpp(50,44): error C2065: "BRAK": niezadeklarowany identyfikator
C:\Users\user\source\repos\szyfr_vigenere\szyfr_vigenere\funkcje.cpp(55,35): error C2027: wykorzystanie niezdefiniowanego przez użytkownika typu "ETRYB"
C:\Users\user\source\repos\szyfr_vigenere\szyfr_vigenere\funkcje.hpp(4): message : zobacz deklarację „ETRYB”
C:\Users\user\source\repos\szyfr_vigenere\szyfr_vigenere\funkcje.cpp(55,48): error C2065: "DESZYFROWANIE": niezadeklarowany identyfikator
C:\Users\user\source\repos\szyfr_vigenere\szyfr_vigenere\funkcje.cpp(59,25): warning C4018: ">=": niezgodność typu ze znakiem/bez znaku
C:\Users\user\source\repos\szyfr_vigenere\szyfr_vigenere\funkcje.cpp(67,25): warning C4018: ">=": niezgodność typu ze znakiem/bez znaku
C:\Users\user\source\repos\szyfr_vigenere\szyfr_vigenere\funkcje.cpp(92,23): warning C4018: "<": niezgodność typu ze znakiem/bez znaku
C:\Users\user\source\repos\szyfr_vigenere\szyfr_vigenere\funkcje.cpp(99,23): warning C4018: ">=": niezgodność typu ze znakiem/bez znaku
  szyfr_vigenere.cpp
C:\Users\user\source\repos\szyfr_vigenere\szyfr_vigenere\szyfr_vigenere.cpp(6,10): warning C4067: nieoczekiwane tokeny występujące po dyrektywie preprocesora - oczekiwano nowego wiersza
C:\Users\user\source\repos\szyfr_vigenere\szyfr_vigenere\funkcje.hpp(11,27): error C3646: "nazwa_pliku_wej": nieznany specyfikator przesłonięcia
C:\Users\user\source\repos\szyfr_vigenere\szyfr_vigenere\funkcje.hpp(11,27): error C4430: brak specyfikatora typu - założono, że int. Uwaga: C++ nie obsługuje domyślnie typu int
C:\Users\user\source\repos\szyfr_vigenere\szyfr_vigenere\funkcje.hpp(12,29): error C3646: "nazwa_pliku_klucz": nieznany specyfikator przesłonięcia
C:\Users\user\source\repos\szyfr_vigenere\szyfr_vigenere\funkcje.hpp(12,29): error C4430: brak specyfikatora typu - założono, że int. Uwaga: C++ nie obsługuje domyślnie typu int
  Generowanie kodu...
